[35.000324249] 2018-11-07 21:19:41,117 - INFO - launcher: Starting sanity checks
[35.000324249] 2018-11-07 21:19:41,117 - INFO - launcher: Checking for python 3.5+
[36.000728607] 2018-11-07 21:19:41,118 - INFO - launcher: Checking console encoding
[36.999940872] 2018-11-07 21:19:41,119 - INFO - launcher: Setting console encoding to UTF-8
[38.001060486] 2018-11-07 21:19:41,120 - INFO - launcher: Ensuring we're in the right folder
[39.999961853] 2018-11-07 21:19:41,122 - INFO - launcher: Adding local bins/ folder to path
[41.000366211] 2018-11-07 21:19:41,123 - INFO - launcher: Checks passed.
[41.000366211] 2018-11-07 21:19:41,123 - INFO - launcher: Moving old musicbot log

######################### PRE-RUN SANITY CHECKS PASSED #########################

[1.9275100231170654] 2018-11-07 21:19:43,009 - DEBUG - musicbot.bot | In bot.py::MainThread(43312), line 203 in _setup_logging: Set logging level to INFO
[1.9895622730255127] 2018-11-07 21:19:43,071 - INFO - musicbot.bot | In bot.py::MainThread(43312), line 76 in __init__: Loaded autoplaylist with 2531 entries
[1.991509676] launcher-INFO: Connecting
[4.5618219375610352] 2018-11-07 21:19:45,644 - DEBUG - musicbot.bot | In bot.py::MainThread(43312), line 993 in on_ready: Connection established, ready to go.
[4.5618219375610352] 2018-11-07 21:19:45,644 - DEBUG - musicbot.bot | In bot.py::MainThread(43312), line 314 in _cache_app_info: Caching app info
[4.6397771835327148] 2018-11-07 21:19:45,722 - DEBUG - musicbot.bot | In bot.py::MainThread(43312), line 810 in _scheck_ensure_env: Ensuring data folders exist
[4.6407604217529297] 2018-11-07 21:19:45,723 - DEBUG - musicbot.bot | In bot.py::MainThread(43312), line 826 in _scheck_server_permissions: Checking server permissions
[4.6417603492736816] 2018-11-07 21:19:45,724 - DEBUG - musicbot.bot | In bot.py::MainThread(43312), line 830 in _scheck_autoplaylist: Auditing autoplaylist
[4.6417603492736816] 2018-11-07 21:19:45,724 - DEBUG - musicbot.bot | In bot.py::MainThread(43312), line 834 in _scheck_configs: Validating config
[4.6417603492736816] 2018-11-07 21:19:45,724 - DEBUG - musicbot.config | In config.py::MainThread(43312), line 175 in async_validate: Validating options...
[4.6417603492736816] 2018-11-07 21:19:45,724 - DEBUG - musicbot.bot | In bot.py::MainThread(43312), line 837 in _scheck_configs: Validating permissions config
[4.6417603492736816] 2018-11-07 21:19:45,724 - DEBUG - musicbot.permissions | In permissions.py::MainThread(43312), line 59 in async_validate: Validating permissions...
[4.6427605152130127] 2018-11-07 21:19:45,725 - INFO - musicbot.bot | In bot.py::MainThread(43312), line 1004 in on_ready: Connected!  Musicbot v1.9.6

[4.6437609195709229] 2018-11-07 21:19:45,726 - INFO - musicbot.bot | In bot.py::MainThread(43312), line 1014 in on_ready: Bot:   392130150986153998/MusicMan#8246 [BOT]
[4.6437609195709229] 2018-11-07 21:19:45,726 - INFO - musicbot.bot | In bot.py::MainThread(43312), line 1022 in on_ready: Owner: 112577476554674176/Decidia#7152

[4.6447608470916748] 2018-11-07 21:19:45,727 - INFO - musicbot.bot | In bot.py::MainThread(43312), line 1025 in on_ready: Server List:
[4.6457600593566895] 2018-11-07 21:19:45,728 - INFO - musicbot.bot | In bot.py::MainThread(43312), line 1026 in <listcomp>:  - MAHN SHWINES!
[4.6467604637145996] 2018-11-07 21:19:45,729 - INFO - musicbot.bot | In bot.py::MainThread(43312), line 1057 in on_ready: Bound to text channels:
[4.6467604637145996] 2018-11-07 21:19:45,729 - INFO - musicbot.bot | In bot.py::MainThread(43312), line 1058 in <listcomp>:  - MAHN SHWINES!/botcommands
[4.6477603912353516] 2018-11-07 21:19:45,730 - INFO - musicbot.bot | In bot.py::MainThread(43312), line 1096 in on_ready: Not autojoining any voice channels
[4.6477603912353516] 2018-11-07 21:19:45,730 - INFO - musicbot.bot | In bot.py::MainThread(43312), line 1100 in on_ready: Options:
[4.6487607955932617] 2018-11-07 21:19:45,731 - INFO - musicbot.bot | In bot.py::MainThread(43312), line 1102 in on_ready:   Command prefix: !
[4.6487607955932617] 2018-11-07 21:19:45,731 - INFO - musicbot.bot | In bot.py::MainThread(43312), line 1103 in on_ready:   Default volume: 50%
[4.6497607231140137] 2018-11-07 21:19:45,732 - INFO - musicbot.bot | In bot.py::MainThread(43312), line 1105 in on_ready:   Skip threshold: 4 votes or 50%
[4.6497607231140137] 2018-11-07 21:19:45,732 - INFO - musicbot.bot | In bot.py::MainThread(43312), line 1106 in on_ready:   Now Playing @mentions: Disabled
[4.6507599353790283] 2018-11-07 21:19:45,733 - INFO - musicbot.bot | In bot.py::MainThread(43312), line 1107 in on_ready:   Auto-Summon: Disabled
[4.6507599353790283] 2018-11-07 21:19:45,733 - INFO - musicbot.bot | In bot.py::MainThread(43312), line 1108 in on_ready:   Auto-Playlist: Disabled
[4.6537594795227051] 2018-11-07 21:19:45,736 - INFO - musicbot.bot | In bot.py::MainThread(43312), line 1109 in on_ready:   Auto-Pause: Enabled
[4.6537594795227051] 2018-11-07 21:19:45,736 - INFO - musicbot.bot | In bot.py::MainThread(43312), line 1110 in on_ready:   Delete Messages: Enabled
[4.6547613143920898] 2018-11-07 21:19:45,737 - INFO - musicbot.bot | In bot.py::MainThread(43312), line 1112 in on_ready:     Delete Invoking: Enabled
[4.6547613143920898] 2018-11-07 21:19:45,737 - INFO - musicbot.bot | In bot.py::MainThread(43312), line 1113 in on_ready:   Debug Mode: Disabled
[4.6557610034942627] 2018-11-07 21:19:45,738 - INFO - musicbot.bot | In bot.py::MainThread(43312), line 1114 in on_ready:   Downloaded songs will be deleted
[32.5957818031311035] 2018-11-07 21:20:13,678 - VOICEDEBUG - musicbot.bot | In bot.py::MainThread(43312), line 2528 in on_voice_state_update: Voice state update for 112577476554674176/Decidia#7152 on MAHN SHWINES!/General Chat -> [DISCONNECT]
[69.4965572357177734] 2018-11-07 21:20:50,578 - VOICEDEBUG - musicbot.bot | In bot.py::MainThread(43312), line 2519 in on_voice_state_update: Empty voice state update, likely a session id change
[79.8788416385650635] 2018-11-07 21:21:00,961 - VOICEDEBUG - musicbot.bot | In bot.py::MainThread(43312), line 2528 in on_voice_state_update: Voice state update for 112577476554674176/Decidia#7152 on MAHN SHWINES!/General Chat -> [CONNECT]
